{"C:\\Users\\Hlel\\Documents\\GitHub\\RecycloVision-Backend\\src\\controllers\\auth.controller.ts": {"path":"C:\\Users\\Hlel\\Documents\\GitHub\\RecycloVision-Backend\\src\\controllers\\auth.controller.ts","statementMap":{"0":{"start":{"line":2,"column":0},"end":{"line":2,"column":38}},"1":{"start":{"line":3,"column":0},"end":{"line":3,"column":44}},"2":{"start":{"line":14,"column":4},"end":{"line":47,"column":5}},"3":{"start":{"line":15,"column":34},"end":{"line":15,"column":42}},"4":{"start":{"line":16,"column":6},"end":{"line":18,"column":7}},"5":{"start":{"line":17,"column":8},"end":{"line":17,"column":null}},"6":{"start":{"line":20,"column":19},"end":{"line":20,"column":59}},"7":{"start":{"line":22,"column":6},"end":{"line":43,"column":7}},"8":{"start":{"line":23,"column":8},"end":{"line":23,"column":null}},"9":{"start":{"line":25,"column":32},"end":{"line":25,"column":80}},"10":{"start":{"line":26,"column":8},"end":{"line":28,"column":9}},"11":{"start":{"line":27,"column":10},"end":{"line":27,"column":null}},"12":{"start":{"line":29,"column":22},"end":{"line":36,"column":10}},"13":{"start":{"line":38,"column":65},"end":{"line":38,"column":69}},"14":{"start":{"line":38,"column":60},"end":{"line":38,"column":65}},"15":{"start":{"line":40,"column":8},"end":{"line":42,"column":null}},"16":{"start":{"line":45,"column":6},"end":{"line":45,"column":null}},"17":{"start":{"line":46,"column":6},"end":{"line":46,"column":null}},"18":{"start":{"line":5,"column":0},"end":{"line":5,"column":13}}},"fnMap":{"0":{"name":"(anonymous_8)","decl":{"start":{"line":13,"column":2},"end":{"line":13,"column":8}},"loc":{"start":{"line":13,"column":48},"end":{"line":48,"column":null}}}},"branchMap":{"0":{"loc":{"start":{"line":16,"column":6},"end":{"line":18,"column":7}},"type":"if","locations":[{"start":{"line":16,"column":6},"end":{"line":18,"column":7}}]},"1":{"loc":{"start":{"line":16,"column":10},"end":{"line":16,"column":29}},"type":"binary-expr","locations":[{"start":{"line":16,"column":10},"end":{"line":16,"column":16}},{"start":{"line":16,"column":20},"end":{"line":16,"column":29}}]},"2":{"loc":{"start":{"line":22,"column":6},"end":{"line":43,"column":7}},"type":"if","locations":[{"start":{"line":22,"column":6},"end":{"line":43,"column":7}},{"start":{"line":24,"column":13},"end":{"line":43,"column":7}}]},"3":{"loc":{"start":{"line":26,"column":8},"end":{"line":28,"column":9}},"type":"if","locations":[{"start":{"line":26,"column":8},"end":{"line":28,"column":9}}]},"4":{"loc":{"start":{"line":26,"column":12},"end":{"line":26,"column":37}},"type":"binary-expr","locations":[{"start":{"line":26,"column":12},"end":{"line":26,"column":17}},{"start":{"line":26,"column":21},"end":{"line":26,"column":37}}]}},"s":{"0":1,"1":1,"2":5,"3":5,"4":5,"5":1,"6":4,"7":3,"8":1,"9":2,"10":2,"11":1,"12":1,"13":1,"14":1,"15":1,"16":1,"17":1,"18":1},"f":{"0":5},"b":{"0":[1],"1":[5,4],"2":[1,2],"3":[1],"4":[2,2]}}
,"C:\\Users\\Hlel\\Documents\\GitHub\\RecycloVision-Backend\\src\\helpers\\helpers.ts": {"path":"C:\\Users\\Hlel\\Documents\\GitHub\\RecycloVision-Backend\\src\\helpers\\helpers.ts","statementMap":{"0":{"start":{"line":1,"column":0},"end":{"line":1,"column":35}},"1":{"start":{"line":2,"column":0},"end":{"line":2,"column":32}},"2":{"start":{"line":3,"column":0},"end":{"line":3,"column":22}},"3":{"start":{"line":6,"column":28},"end":{"line":6,"column":39}},"4":{"start":{"line":16,"column":4},"end":{"line":16,"column":null}},"5":{"start":{"line":27,"column":4},"end":{"line":27,"column":null}},"6":{"start":{"line":37,"column":4},"end":{"line":37,"column":null}},"7":{"start":{"line":8,"column":0},"end":{"line":8,"column":13}}},"fnMap":{"0":{"name":"(anonymous_13)","decl":{"start":{"line":15,"column":2},"end":{"line":15,"column":8}},"loc":{"start":{"line":15,"column":43},"end":{"line":17,"column":null}}},"1":{"name":"(anonymous_15)","decl":{"start":{"line":26,"column":2},"end":{"line":26,"column":8}},"loc":{"start":{"line":26,"column":63},"end":{"line":28,"column":3}}},"2":{"name":"(anonymous_16)","decl":{"start":{"line":36,"column":2},"end":{"line":36,"column":8}},"loc":{"start":{"line":36,"column":44},"end":{"line":38,"column":3}}}},"branchMap":{"0":{"loc":{"start":{"line":6,"column":8},"end":{"line":6,"column":23}},"type":"default-arg","locations":[{"start":{"line":6,"column":21},"end":{"line":6,"column":23}}]}},"s":{"0":1,"1":1,"2":1,"3":1,"4":0,"5":0,"6":0,"7":1},"f":{"0":0,"1":0,"2":0},"b":{"0":[0]}}
,"C:\\Users\\Hlel\\Documents\\GitHub\\RecycloVision-Backend\\src\\schemas\\User.ts": {"path":"C:\\Users\\Hlel\\Documents\\GitHub\\RecycloVision-Backend\\src\\schemas\\User.ts","statementMap":{"0":{"start":{"line":1,"column":0},"end":{"line":1,"column":null}},"1":{"start":{"line":18,"column":7},"end":{"line":91,"column":null}},"2":{"start":{"line":18,"column":13},"end":{"line":18,"column":17}},"3":{"start":{"line":25,"column":2},"end":{"line":25,"column":null}},"4":{"start":{"line":33,"column":2},"end":{"line":33,"column":null}},"5":{"start":{"line":41,"column":2},"end":{"line":41,"column":null}},"6":{"start":{"line":49,"column":2},"end":{"line":49,"column":null}},"7":{"start":{"line":57,"column":2},"end":{"line":57,"column":null}},"8":{"start":{"line":65,"column":2},"end":{"line":65,"column":null}},"9":{"start":{"line":74,"column":2},"end":{"line":74,"column":null}},"10":{"start":{"line":82,"column":2},"end":{"line":82,"column":null}},"11":{"start":{"line":90,"column":2},"end":{"line":90,"column":null}},"12":{"start":{"line":18,"column":13},"end":{"line":91,"column":null}}},"fnMap":{},"branchMap":{},"s":{"0":1,"1":1,"2":1,"3":1,"4":1,"5":1,"6":1,"7":1,"8":1,"9":1,"10":1,"11":1,"12":1},"f":{},"b":{}}
}
