TN:
SF:src\controllers\auth.controller.ts
FN:13,(anonymous_8)
FNF:1
FNH:1
FNDA:5,(anonymous_8)
DA:2,1
DA:3,1
DA:5,1
DA:14,5
DA:15,5
DA:16,5
DA:17,1
DA:20,4
DA:22,3
DA:23,1
DA:25,2
DA:26,2
DA:27,1
DA:29,1
DA:38,1
DA:40,1
DA:45,1
DA:46,1
LF:18
LH:18
BRDA:16,0,0,1
BRDA:16,1,0,5
BRDA:16,1,1,4
BRDA:22,2,0,1
BRDA:22,2,1,2
BRDA:26,3,0,1
BRDA:26,4,0,2
BRDA:26,4,1,2
BRF:8
BRH:8
end_of_record
TN:
SF:src\helpers\helpers.ts
FN:15,(anonymous_13)
FN:26,(anonymous_15)
FN:36,(anonymous_16)
FNF:3
FNH:0
FNDA:0,(anonymous_13)
FNDA:0,(anonymous_15)
FNDA:0,(anonymous_16)
DA:1,1
DA:2,1
DA:3,1
DA:6,1
DA:8,1
DA:16,0
DA:27,0
DA:37,0
LF:8
LH:5
BRDA:6,0,0,0
BRF:1
BRH:0
end_of_record
TN:
SF:src\schemas\User.ts
FNF:0
FNH:0
DA:1,1
DA:18,1
DA:25,1
DA:33,1
DA:41,1
DA:49,1
DA:57,1
DA:65,1
DA:74,1
DA:82,1
DA:90,1
LF:11
LH:11
BRF:0
BRH:0
end_of_record
